2023-10-14T08:47:33.441473+00:00 INFO 'ansible_navigator.setup_logger' New ansible-navigator instance, logging initialized
2023-10-14T08:47:33.442610+00:00 INFO 'ansible_navigator.setup_logger' New ansible-runner instance, logging initialized
2023-10-14T08:47:33.442663+00:00 DEBUG 'ansible_navigator.main' ansible-builder==1.1.0 /usr/lib/python3.9/site-packages
2023-10-14T08:47:33.442689+00:00 DEBUG 'ansible_navigator.main' ansible-core==2.13.0 /usr/lib/python3.9/site-packages
2023-10-14T08:47:33.442711+00:00 DEBUG 'ansible_navigator.main' ansible-navigator==2.1.0 /usr/lib/python3.9/site-packages
2023-10-14T08:47:33.442732+00:00 DEBUG 'ansible_navigator.main' ansible-runner==2.2.0 /usr/lib/python3.9/site-packages
2023-10-14T08:47:33.442751+00:00 DEBUG 'ansible_navigator.main' attrs==21.4.0 /usr/lib/python3.9/site-packages
2023-10-14T08:47:33.442770+00:00 DEBUG 'ansible_navigator.main' babel==2.9.1 /usr/lib/python3.9/site-packages
2023-10-14T08:47:33.442789+00:00 DEBUG 'ansible_navigator.main' bindep==2.10.2 /usr/lib/python3.9/site-packages
2023-10-14T08:47:33.442807+00:00 DEBUG 'ansible_navigator.main' brlapi==0.8.2 /usr/lib64/python3.9/site-packages
2023-10-14T08:47:33.442827+00:00 DEBUG 'ansible_navigator.main' certifi==2020.6.20 /usr/lib/python3.9/site-packages
2023-10-14T08:47:33.442845+00:00 DEBUG 'ansible_navigator.main' cffi==1.15.0 /usr/lib64/python3.9/site-packages
2023-10-14T08:47:33.442864+00:00 DEBUG 'ansible_navigator.main' chardet==4.0.0 /usr/lib/python3.9/site-packages
2023-10-14T08:47:33.442892+00:00 DEBUG 'ansible_navigator.main' charset-normalizer==2.0.11 /usr/lib/python3.9/site-packages
2023-10-14T08:47:33.442914+00:00 DEBUG 'ansible_navigator.main' chrome-gnome-shell==0.0.0 /usr/lib/python3.9/site-packages
2023-10-14T08:47:33.442932+00:00 DEBUG 'ansible_navigator.main' cloud-init==21.1 /usr/lib/python3.9/site-packages
2023-10-14T08:47:33.442951+00:00 DEBUG 'ansible_navigator.main' configobj==5.0.6 /usr/lib/python3.9/site-packages
2023-10-14T08:47:33.442969+00:00 DEBUG 'ansible_navigator.main' cryptography==36.0.1 /usr/lib64/python3.9/site-packages
2023-10-14T08:47:33.442988+00:00 DEBUG 'ansible_navigator.main' cupshelpers==1.0 /usr/lib/python3.9/site-packages
2023-10-14T08:47:33.443006+00:00 DEBUG 'ansible_navigator.main' dasbus==1.4 /usr/lib/python3.9/site-packages
2023-10-14T08:47:33.443024+00:00 DEBUG 'ansible_navigator.main' dbus-python==1.2.18 /usr/lib64/python3.9/site-packages
2023-10-14T08:47:33.443043+00:00 DEBUG 'ansible_navigator.main' decorator==4.4.2 /usr/lib/python3.9/site-packages
2023-10-14T08:47:33.443061+00:00 DEBUG 'ansible_navigator.main' distlib==0.3.4 /usr/local/lib/python3.9/site-packages
2023-10-14T08:47:33.443097+00:00 DEBUG 'ansible_navigator.main' distro==1.6.0 /usr/lib/python3.9/site-packages
2023-10-14T08:47:33.443116+00:00 DEBUG 'ansible_navigator.main' docutils==0.16 /usr/lib/python3.9/site-packages
2023-10-14T08:47:33.443136+00:00 DEBUG 'ansible_navigator.main' ethtool==0.15 /usr/lib64/python3.9/site-packages
2023-10-14T08:47:33.443155+00:00 DEBUG 'ansible_navigator.main' file-magic==0.4.0 /usr/lib/python3.9/site-packages
2023-10-14T08:47:33.443174+00:00 DEBUG 'ansible_navigator.main' filelock==3.7.0 /usr/local/lib/python3.9/site-packages
2023-10-14T08:47:33.443193+00:00 DEBUG 'ansible_navigator.main' gpg==1.15.1 /usr/lib64/python3.9/site-packages
2023-10-14T08:47:33.443213+00:00 DEBUG 'ansible_navigator.main' idna==3.3 /usr/lib/python3.9/site-packages
2023-10-14T08:47:33.443232+00:00 DEBUG 'ansible_navigator.main' iniparse==0.4 /usr/lib/python3.9/site-packages
2023-10-14T08:47:33.443251+00:00 DEBUG 'ansible_navigator.main' jinja2==3.0.3 /usr/lib/python3.9/site-packages
2023-10-14T08:47:33.443271+00:00 DEBUG 'ansible_navigator.main' jsonpatch==1.21 /usr/lib/python3.9/site-packages
2023-10-14T08:47:33.443290+00:00 DEBUG 'ansible_navigator.main' jsonpointer==2.0 /usr/lib/python3.9/site-packages
2023-10-14T08:47:33.443309+00:00 DEBUG 'ansible_navigator.main' jsonschema==3.2.0 /usr/lib/python3.9/site-packages
2023-10-14T08:47:33.443329+00:00 DEBUG 'ansible_navigator.main' libcomps==0.1.18 /usr/lib64/python3.9/site-packages
2023-10-14T08:47:33.443355+00:00 DEBUG 'ansible_navigator.main' lockfile==0.12.2 /usr/lib/python3.9/site-packages
2023-10-14T08:47:33.443375+00:00 DEBUG 'ansible_navigator.main' lxml==4.6.5 /usr/lib64/python3.9/site-packages
2023-10-14T08:47:33.443395+00:00 DEBUG 'ansible_navigator.main' markupsafe==2.1.0 /usr/lib64/python3.9/site-packages
2023-10-14T08:47:33.443414+00:00 DEBUG 'ansible_navigator.main' netifaces==0.10.6 /usr/lib64/python3.9/site-packages
2023-10-14T08:47:33.443433+00:00 DEBUG 'ansible_navigator.main' nftables==0.1 /usr/lib/python3.9/site-packages
2023-10-14T08:47:33.443452+00:00 DEBUG 'ansible_navigator.main' oauthlib==3.1.1 /usr/lib/python3.9/site-packages
2023-10-14T08:47:33.443472+00:00 DEBUG 'ansible_navigator.main' onigurumacffi==1.1.0 /usr/lib64/python3.9/site-packages
2023-10-14T08:47:33.443491+00:00 DEBUG 'ansible_navigator.main' packaging==21.2 /usr/lib/python3.9/site-packages
2023-10-14T08:47:33.443510+00:00 DEBUG 'ansible_navigator.main' parsley==1.3 /usr/lib/python3.9/site-packages
2023-10-14T08:47:33.443538+00:00 DEBUG 'ansible_navigator.main' pbr==5.8.1 /usr/lib/python3.9/site-packages
2023-10-14T08:47:33.443557+00:00 DEBUG 'ansible_navigator.main' perf==0.1 /usr/lib64/python3.9/site-packages
2023-10-14T08:47:33.443577+00:00 DEBUG 'ansible_navigator.main' pexpect==4.8.0 /usr/lib/python3.9/site-packages
2023-10-14T08:47:33.443596+00:00 DEBUG 'ansible_navigator.main' pip==21.2.3 /usr/lib/python3.9/site-packages
2023-10-14T08:47:33.443615+00:00 DEBUG 'ansible_navigator.main' platformdirs==2.5.2 /usr/local/lib/python3.9/site-packages
2023-10-14T08:47:33.443635+00:00 DEBUG 'ansible_navigator.main' ply==3.11 /usr/lib/python3.9/site-packages
2023-10-14T08:47:33.443654+00:00 DEBUG 'ansible_navigator.main' prettytable==0.7.2 /usr/lib/python3.9/site-packages
2023-10-14T08:47:33.443673+00:00 DEBUG 'ansible_navigator.main' psutil==5.8.0 /usr/lib64/python3.9/site-packages
2023-10-14T08:47:33.443692+00:00 DEBUG 'ansible_navigator.main' ptyprocess==0.6.0 /usr/lib/python3.9/site-packages
2023-10-14T08:47:33.443711+00:00 DEBUG 'ansible_navigator.main' pycairo==1.20.0 /usr/lib64/python3.9/site-packages
2023-10-14T08:47:33.443730+00:00 DEBUG 'ansible_navigator.main' pycparser==2.21 /usr/lib/python3.9/site-packages
2023-10-14T08:47:33.443750+00:00 DEBUG 'ansible_navigator.main' pycups==2.0.1 /usr/lib64/python3.9/site-packages
2023-10-14T08:47:33.443769+00:00 DEBUG 'ansible_navigator.main' pycurl==7.43.0.6 /usr/lib64/python3.9/site-packages
2023-10-14T08:47:33.443788+00:00 DEBUG 'ansible_navigator.main' pyenchant==3.2.0 /usr/lib/python3.9/site-packages
2023-10-14T08:47:33.443807+00:00 DEBUG 'ansible_navigator.main' pygobject==3.40.1 /usr/lib64/python3.9/site-packages
2023-10-14T08:47:33.443826+00:00 DEBUG 'ansible_navigator.main' pyinotify==0.9.6 /usr/lib/python3.9/site-packages
2023-10-14T08:47:33.443846+00:00 DEBUG 'ansible_navigator.main' pyopenssl==19.1.0 /usr/lib/python3.9/site-packages
2023-10-14T08:47:33.443865+00:00 DEBUG 'ansible_navigator.main' pyparsing==2.4.7 /usr/lib/python3.9/site-packages
2023-10-14T08:47:33.443892+00:00 DEBUG 'ansible_navigator.main' pyrsistent==0.17.3 /usr/lib64/python3.9/site-packages
2023-10-14T08:47:33.443913+00:00 DEBUG 'ansible_navigator.main' pyserial==3.4 /usr/lib/python3.9/site-packages
2023-10-14T08:47:33.443933+00:00 DEBUG 'ansible_navigator.main' pysocks==1.7.1 /usr/lib/python3.9/site-packages
2023-10-14T08:47:33.443952+00:00 DEBUG 'ansible_navigator.main' python-daemon==2.3.0 /usr/lib/python3.9/site-packages
2023-10-14T08:47:33.443971+00:00 DEBUG 'ansible_navigator.main' python-dateutil==2.8.1 /usr/lib/python3.9/site-packages
2023-10-14T08:47:33.443990+00:00 DEBUG 'ansible_navigator.main' python-dmidecode==3.12.2 /usr/lib64/python3.9/site-packages
2023-10-14T08:47:33.444009+00:00 DEBUG 'ansible_navigator.main' python-linux-procfs==0.7.0 /usr/lib/python3.9/site-packages
2023-10-14T08:47:33.444028+00:00 DEBUG 'ansible_navigator.main' pytz==2021.3 /usr/lib/python3.9/site-packages
2023-10-14T08:47:33.444047+00:00 DEBUG 'ansible_navigator.main' pyudev==0.22.0 /usr/lib/python3.9/site-packages
2023-10-14T08:47:33.444069+00:00 DEBUG 'ansible_navigator.main' pyxdg==0.27 /usr/lib/python3.9/site-packages
2023-10-14T08:47:33.444089+00:00 DEBUG 'ansible_navigator.main' pyyaml==5.4.1 /usr/lib64/python3.9/site-packages
2023-10-14T08:47:33.444108+00:00 DEBUG 'ansible_navigator.main' requests==2.27.1 /usr/lib/python3.9/site-packages
2023-10-14T08:47:33.444127+00:00 DEBUG 'ansible_navigator.main' requirements-parser==0.2.0 /usr/lib/python3.9/site-packages
2023-10-14T08:47:33.444146+00:00 DEBUG 'ansible_navigator.main' resolvelib==0.5.4 /usr/lib/python3.9/site-packages
2023-10-14T08:47:33.444165+00:00 DEBUG 'ansible_navigator.main' rpm==4.16.1.3 /usr/lib64/python3.9/site-packages
2023-10-14T08:47:33.444184+00:00 DEBUG 'ansible_navigator.main' selinux==3.3 /usr/lib64/python3.9/site-packages
2023-10-14T08:47:33.444204+00:00 DEBUG 'ansible_navigator.main' sepolicy==3.3 /usr/lib/python3.9/site-packages
2023-10-14T08:47:33.444223+00:00 DEBUG 'ansible_navigator.main' setools==4.4.0 /usr/lib64/python3.9/site-packages
2023-10-14T08:47:33.444242+00:00 DEBUG 'ansible_navigator.main' setroubleshoot==1.1 /usr/lib/python3.9/site-packages
2023-10-14T08:47:33.444261+00:00 DEBUG 'ansible_navigator.main' setuptools==53.0.0 /usr/lib/python3.9/site-packages
2023-10-14T08:47:33.444281+00:00 DEBUG 'ansible_navigator.main' six==1.16.0 /usr/lib/python3.9/site-packages
2023-10-14T08:47:33.444300+00:00 DEBUG 'ansible_navigator.main' sos==4.2 /usr/lib/python3.9/site-packages
2023-10-14T08:47:33.444319+00:00 DEBUG 'ansible_navigator.main' subscription-manager==1.29.26 /usr/lib64/python3.9/site-packages
2023-10-14T08:47:33.444338+00:00 DEBUG 'ansible_navigator.main' systemd-python==234 /usr/lib64/python3.9/site-packages
2023-10-14T08:47:33.444358+00:00 DEBUG 'ansible_navigator.main' urllib3==1.26.8 /usr/lib/python3.9/site-packages
2023-10-14T08:47:33.444377+00:00 DEBUG 'ansible_navigator.main' virtualenv==20.14.1 /usr/local/lib/python3.9/site-packages
2023-10-14T08:47:33.444396+00:00 DEBUG 'ansible_navigator.main' Share directory '/usr/lib/python3.9/share/ansible_navigator' not found (development path)
2023-10-14T08:47:33.444438+00:00 DEBUG 'ansible_navigator.main' Share directory '/home/student/.local/share/ansible_navigator' not found (userbase)
2023-10-14T08:47:33.444457+00:00 DEBUG 'ansible_navigator.main' Share directory '/usr/share/ansible_navigator' found (sys.prefix)
2023-10-14T08:47:33.444475+00:00 DEBUG 'ansible_navigator.main' Default collection_doc_cache_path set to: /home/student/.cache/ansible-navigator/collection_doc_cache.db
2023-10-14T08:47:33.444494+00:00 DEBUG 'ansible_navigator.main' EDITOR environment variable not set
2023-10-14T08:47:33.444520+00:00 DEBUG 'ansible_navigator.main' Default editor_command set to: vi +{line_number} {filename}
2023-10-14T08:47:33.444539+00:00 DEBUG 'ansible_navigator.main' No config file set by ANSIBLE_NAVIGATOR_CONFIG
2023-10-14T08:47:33.444575+00:00 DEBUG 'ansible_navigator.main' Looking in /home/student
2023-10-14T08:47:33.444594+00:00 DEBUG 'ansible_navigator.main' Looking for '/home/student/.ansible-navigator.yml', '/home/student/.ansible-navigator.yaml' and '/home/student/.ansible-navigator.json'
2023-10-14T08:47:33.444614+00:00 DEBUG 'ansible_navigator.main' Found 1: '/home/student/.ansible-navigator.yml'
2023-10-14T08:47:33.444633+00:00 DEBUG 'ansible_navigator.main' Looking in /home/student/work/RH294v9-14Oct23/session-01
2023-10-14T08:47:33.444653+00:00 DEBUG 'ansible_navigator.main' Looking for '/home/student/work/RH294v9-14Oct23/session-01/ansible-navigator.yml', '/home/student/work/RH294v9-14Oct23/session-01/ansible-navigator.yaml' and '/home/student/work/RH294v9-14Oct23/session-01/ansible-navigator.json'
2023-10-14T08:47:33.444673+00:00 DEBUG 'ansible_navigator.main' Found 1: '/home/student/work/RH294v9-14Oct23/session-01/ansible-navigator.yml'
2023-10-14T08:47:33.444693+00:00 DEBUG 'ansible_navigator.main' All found 2: '/home/student/.ansible-navigator.yml' and '/home/student/work/RH294v9-14Oct23/session-01/ansible-navigator.yml'
2023-10-14T08:47:33.444717+00:00 DEBUG 'ansible_navigator.main' Using: /home/student/work/RH294v9-14Oct23/session-01/ansible-navigator.yml
2023-10-14T08:47:33.444738+00:00 DEBUG 'ansible_navigator.main' Using settings file at /home/student/work/RH294v9-14Oct23/session-01/ansible-navigator.yml in search path
2023-10-14T08:47:33.444757+00:00 DEBUG 'ansible_navigator.main' Command provided: 'images'
2023-10-14T08:47:33.444780+00:00 WARNING 'ansible_navigator.main' Configuration errors encountered, rolling back to previous configuration.
2023-10-14T08:47:33.444800+00:00 DEBUG 'ansible_navigator.main' Prior to rollback: ansible_runner_artifact_dir = 'Not set' (Constants/Not set)
2023-10-14T08:47:33.444819+00:00 DEBUG 'ansible_navigator.main' Prior to rollback: ansible_runner_rotate_artifacts_count = 'Not set' (Constants/Not set)
2023-10-14T08:47:33.444839+00:00 DEBUG 'ansible_navigator.main' Prior to rollback: ansible_runner_timeout = 'Not set' (Constants/Not set)
2023-10-14T08:47:33.444859+00:00 DEBUG 'ansible_navigator.main' Prior to rollback: app = 'images' (str/Command line)
2023-10-14T08:47:33.444878+00:00 DEBUG 'ansible_navigator.main' Prior to rollback: cmdline = 'Not set' (Constants/Not set)
2023-10-14T08:47:33.444907+00:00 DEBUG 'ansible_navigator.main' Prior to rollback: collection_doc_cache_path = '/home/student/.cache/ansible-navigator/collection_doc_cache.db' (str/Defaults)
2023-10-14T08:47:33.444927+00:00 DEBUG 'ansible_navigator.main' Prior to rollback: config = 'Not set' (Constants/Not set)
2023-10-14T08:47:33.444947+00:00 DEBUG 'ansible_navigator.main' Prior to rollback: container_engine = 'auto' (str/Defaults)
2023-10-14T08:47:33.444967+00:00 DEBUG 'ansible_navigator.main' Prior to rollback: container_options = 'Not set' (Constants/Not set)
2023-10-14T08:47:33.444987+00:00 DEBUG 'ansible_navigator.main' Prior to rollback: display_color = 'True' (bool/Defaults)
2023-10-14T08:47:33.445007+00:00 DEBUG 'ansible_navigator.main' Prior to rollback: editor_command = 'vi +{line_number} {filename}' (str/Defaults)
2023-10-14T08:47:33.445026+00:00 DEBUG 'ansible_navigator.main' Prior to rollback: editor_console = 'True' (bool/Defaults)
2023-10-14T08:47:33.445046+00:00 DEBUG 'ansible_navigator.main' Prior to rollback: exec_command = '/bin/bash' (str/Defaults)
2023-10-14T08:47:33.445066+00:00 DEBUG 'ansible_navigator.main' Prior to rollback: exec_shell = 'True' (bool/Defaults)
2023-10-14T08:47:33.445086+00:00 DEBUG 'ansible_navigator.main' Prior to rollback: execution_environment = 'True' (bool/Defaults)
2023-10-14T08:47:33.445105+00:00 DEBUG 'ansible_navigator.main' Prior to rollback: execution_environment_image = 'registry.redhat.io/ansible-automation-platform-22/ee-supported-rhel8:latest' (str/Defaults)
2023-10-14T08:47:33.445136+00:00 DEBUG 'ansible_navigator.main' Prior to rollback: execution_environment_volume_mounts = 'Not set' (Constants/Not set)
2023-10-14T08:47:33.445154+00:00 DEBUG 'ansible_navigator.main' Prior to rollback: help_builder = 'False' (bool/Defaults)
2023-10-14T08:47:33.445173+00:00 DEBUG 'ansible_navigator.main' Prior to rollback: help_config = 'False' (bool/Defaults)
2023-10-14T08:47:33.445191+00:00 DEBUG 'ansible_navigator.main' Prior to rollback: help_doc = 'False' (bool/Defaults)
2023-10-14T08:47:33.445209+00:00 DEBUG 'ansible_navigator.main' Prior to rollback: help_inventory = 'False' (bool/Defaults)
2023-10-14T08:47:33.445228+00:00 DEBUG 'ansible_navigator.main' Prior to rollback: help_playbook = 'False' (bool/Defaults)
2023-10-14T08:47:33.445246+00:00 DEBUG 'ansible_navigator.main' Prior to rollback: images_details = '['everything']' (list/Defaults)
2023-10-14T08:47:33.445264+00:00 DEBUG 'ansible_navigator.main' Prior to rollback: inventory = 'Not set' (Constants/Not set)
2023-10-14T08:47:33.445282+00:00 DEBUG 'ansible_navigator.main' Prior to rollback: inventory_column = 'Not set' (Constants/Not set)
2023-10-14T08:47:33.445301+00:00 DEBUG 'ansible_navigator.main' Prior to rollback: lint_config = 'Not set' (Constants/Not set)
2023-10-14T08:47:33.445319+00:00 DEBUG 'ansible_navigator.main' Prior to rollback: lintables = 'Not set' (Constants/Not set)
2023-10-14T08:47:33.445340+00:00 DEBUG 'ansible_navigator.main' Prior to rollback: log_append = 'True' (bool/Defaults)
2023-10-14T08:47:33.445359+00:00 DEBUG 'ansible_navigator.main' Prior to rollback: log_file = '/home/student/work/RH294v9-14Oct23/session-01/ansible-navigator.log' (str/Defaults)
2023-10-14T08:47:33.445378+00:00 DEBUG 'ansible_navigator.main' Prior to rollback: log_level = 'warning' (str/Defaults)
2023-10-14T08:47:33.445396+00:00 DEBUG 'ansible_navigator.main' Prior to rollback: mode = 'interactive' (str/Defaults)
2023-10-14T08:47:33.445414+00:00 DEBUG 'ansible_navigator.main' Prior to rollback: osc4 = 'True' (bool/Defaults)
2023-10-14T08:47:33.445433+00:00 DEBUG 'ansible_navigator.main' Prior to rollback: pass_environment_variable = 'Not set' (Constants/Not set)
2023-10-14T08:47:33.445451+00:00 DEBUG 'ansible_navigator.main' Prior to rollback: playbook = 'Not set' (Constants/Not set)
2023-10-14T08:47:33.445469+00:00 DEBUG 'ansible_navigator.main' Prior to rollback: playbook_artifact_enable = 'True' (bool/Defaults)
2023-10-14T08:47:33.445487+00:00 DEBUG 'ansible_navigator.main' Prior to rollback: playbook_artifact_replay = 'Not set' (Constants/Not set)
2023-10-14T08:47:33.445506+00:00 DEBUG 'ansible_navigator.main' Prior to rollback: playbook_artifact_save_as = '{playbook_dir}/{playbook_name}-artifact-{time_stamp}.json' (str/Defaults)
2023-10-14T08:47:33.445530+00:00 DEBUG 'ansible_navigator.main' Prior to rollback: plugin_name = 'Not set' (Constants/Not set)
2023-10-14T08:47:33.445548+00:00 DEBUG 'ansible_navigator.main' Prior to rollback: plugin_type = 'module' (str/Defaults)
2023-10-14T08:47:33.445566+00:00 DEBUG 'ansible_navigator.main' Prior to rollback: pull_arguments = 'Not set' (Constants/Not set)
2023-10-14T08:47:33.445585+00:00 DEBUG 'ansible_navigator.main' Prior to rollback: pull_policy = 'tag' (str/Defaults)
2023-10-14T08:47:33.445603+00:00 DEBUG 'ansible_navigator.main' Prior to rollback: set_environment_variable = 'Not set' (Constants/Not set)
2023-10-14T08:47:33.445621+00:00 DEBUG 'ansible_navigator.main' Prior to rollback: settings_effective = 'False' (bool/Defaults)
2023-10-14T08:47:33.445639+00:00 DEBUG 'ansible_navigator.main' Prior to rollback: settings_sample = 'False' (bool/Defaults)
2023-10-14T08:47:33.445657+00:00 DEBUG 'ansible_navigator.main' Prior to rollback: settings_schema = 'json' (str/Defaults)
2023-10-14T08:47:33.445676+00:00 DEBUG 'ansible_navigator.main' Prior to rollback: settings_sources = 'False' (bool/Defaults)
2023-10-14T08:47:33.445693+00:00 DEBUG 'ansible_navigator.main' Prior to rollback: time_zone = 'UTC' (str/Defaults)
2023-10-14T08:47:33.445711+00:00 DEBUG 'ansible_navigator.main' Prior to rollback: workdir = '/home/student/work/RH294v9-14Oct23/session-01' (str/Defaults)
2023-10-14T08:47:33.445729+00:00 DEBUG 'ansible_navigator.main' After rollback: ansible_runner_artifact_dir = 'Not set' (Constants/Not set)
2023-10-14T08:47:33.445747+00:00 DEBUG 'ansible_navigator.main' After rollback: ansible_runner_rotate_artifacts_count = 'Not set' (Constants/Not set)
2023-10-14T08:47:33.445766+00:00 DEBUG 'ansible_navigator.main' After rollback: ansible_runner_timeout = 'Not set' (Constants/Not set)
2023-10-14T08:47:33.445784+00:00 DEBUG 'ansible_navigator.main' After rollback: app = 'Not set' (Constants/Not set)
2023-10-14T08:47:33.445802+00:00 DEBUG 'ansible_navigator.main' After rollback: cmdline = 'Not set' (Constants/Not set)
2023-10-14T08:47:33.445820+00:00 DEBUG 'ansible_navigator.main' After rollback: collection_doc_cache_path = 'Not set' (Constants/Not set)
2023-10-14T08:47:33.445838+00:00 DEBUG 'ansible_navigator.main' After rollback: config = 'Not set' (Constants/Not set)
2023-10-14T08:47:33.445856+00:00 DEBUG 'ansible_navigator.main' After rollback: container_engine = 'Not set' (Constants/Not set)
2023-10-14T08:47:33.445874+00:00 DEBUG 'ansible_navigator.main' After rollback: container_options = 'Not set' (Constants/Not set)
2023-10-14T08:47:33.445900+00:00 DEBUG 'ansible_navigator.main' After rollback: display_color = 'Not set' (Constants/Not set)
2023-10-14T08:47:33.445922+00:00 DEBUG 'ansible_navigator.main' After rollback: editor_command = 'Not set' (Constants/Not set)
2023-10-14T08:47:33.445941+00:00 DEBUG 'ansible_navigator.main' After rollback: editor_console = 'Not set' (Constants/Not set)
2023-10-14T08:47:33.445959+00:00 DEBUG 'ansible_navigator.main' After rollback: exec_command = 'Not set' (Constants/Not set)
2023-10-14T08:47:33.445978+00:00 DEBUG 'ansible_navigator.main' After rollback: exec_shell = 'Not set' (Constants/Not set)
2023-10-14T08:47:33.445996+00:00 DEBUG 'ansible_navigator.main' After rollback: execution_environment = 'Not set' (Constants/Not set)
2023-10-14T08:47:33.446014+00:00 DEBUG 'ansible_navigator.main' After rollback: execution_environment_image = 'Not set' (Constants/Not set)
2023-10-14T08:47:33.446033+00:00 DEBUG 'ansible_navigator.main' After rollback: execution_environment_volume_mounts = 'Not set' (Constants/Not set)
2023-10-14T08:47:33.446051+00:00 DEBUG 'ansible_navigator.main' After rollback: help_builder = 'Not set' (Constants/Not set)
2023-10-14T08:47:33.446069+00:00 DEBUG 'ansible_navigator.main' After rollback: help_config = 'Not set' (Constants/Not set)
2023-10-14T08:47:33.446087+00:00 DEBUG 'ansible_navigator.main' After rollback: help_doc = 'Not set' (Constants/Not set)
2023-10-14T08:47:33.446105+00:00 DEBUG 'ansible_navigator.main' After rollback: help_inventory = 'Not set' (Constants/Not set)
2023-10-14T08:47:33.446124+00:00 DEBUG 'ansible_navigator.main' After rollback: help_playbook = 'Not set' (Constants/Not set)
2023-10-14T08:47:33.446142+00:00 DEBUG 'ansible_navigator.main' After rollback: images_details = 'Not set' (Constants/Not set)
2023-10-14T08:47:33.446160+00:00 DEBUG 'ansible_navigator.main' After rollback: inventory = 'Not set' (Constants/Not set)
2023-10-14T08:47:33.446178+00:00 DEBUG 'ansible_navigator.main' After rollback: inventory_column = 'Not set' (Constants/Not set)
2023-10-14T08:47:33.446197+00:00 DEBUG 'ansible_navigator.main' After rollback: lint_config = 'Not set' (Constants/Not set)
2023-10-14T08:47:33.446215+00:00 DEBUG 'ansible_navigator.main' After rollback: lintables = 'Not set' (Constants/Not set)
2023-10-14T08:47:33.446233+00:00 DEBUG 'ansible_navigator.main' After rollback: log_append = 'Not set' (Constants/Not set)
2023-10-14T08:47:33.446251+00:00 DEBUG 'ansible_navigator.main' After rollback: log_file = 'Not set' (Constants/Not set)
2023-10-14T08:47:33.446269+00:00 DEBUG 'ansible_navigator.main' After rollback: log_level = 'Not set' (Constants/Not set)
2023-10-14T08:47:33.446287+00:00 DEBUG 'ansible_navigator.main' After rollback: mode = 'Not set' (Constants/Not set)
2023-10-14T08:47:33.446305+00:00 DEBUG 'ansible_navigator.main' After rollback: osc4 = 'Not set' (Constants/Not set)
2023-10-14T08:47:33.446323+00:00 DEBUG 'ansible_navigator.main' After rollback: pass_environment_variable = 'Not set' (Constants/Not set)
2023-10-14T08:47:33.446341+00:00 DEBUG 'ansible_navigator.main' After rollback: playbook = 'Not set' (Constants/Not set)
2023-10-14T08:47:33.446359+00:00 DEBUG 'ansible_navigator.main' After rollback: playbook_artifact_enable = 'Not set' (Constants/Not set)
2023-10-14T08:47:33.446377+00:00 DEBUG 'ansible_navigator.main' After rollback: playbook_artifact_replay = 'Not set' (Constants/Not set)
2023-10-14T08:47:33.446395+00:00 DEBUG 'ansible_navigator.main' After rollback: playbook_artifact_save_as = 'Not set' (Constants/Not set)
2023-10-14T08:47:33.446413+00:00 DEBUG 'ansible_navigator.main' After rollback: plugin_name = 'Not set' (Constants/Not set)
2023-10-14T08:47:33.446431+00:00 DEBUG 'ansible_navigator.main' After rollback: plugin_type = 'Not set' (Constants/Not set)
2023-10-14T08:47:33.446450+00:00 DEBUG 'ansible_navigator.main' After rollback: pull_arguments = 'Not set' (Constants/Not set)
2023-10-14T08:47:33.446468+00:00 DEBUG 'ansible_navigator.main' After rollback: pull_policy = 'Not set' (Constants/Not set)
2023-10-14T08:47:33.446486+00:00 DEBUG 'ansible_navigator.main' After rollback: set_environment_variable = 'Not set' (Constants/Not set)
2023-10-14T08:47:33.446511+00:00 DEBUG 'ansible_navigator.main' After rollback: settings_effective = 'Not set' (Constants/Not set)
2023-10-14T08:47:33.446536+00:00 DEBUG 'ansible_navigator.main' After rollback: settings_sample = 'Not set' (Constants/Not set)
2023-10-14T08:47:33.446555+00:00 DEBUG 'ansible_navigator.main' After rollback: settings_schema = 'Not set' (Constants/Not set)
2023-10-14T08:47:33.446573+00:00 DEBUG 'ansible_navigator.main' After rollback: settings_sources = 'Not set' (Constants/Not set)
2023-10-14T08:47:33.446591+00:00 DEBUG 'ansible_navigator.main' After rollback: time_zone = 'Not set' (Constants/Not set)
2023-10-14T08:47:33.446609+00:00 DEBUG 'ansible_navigator.main' After rollback: workdir = 'Not set' (Constants/Not set)
2023-10-14T08:47:33.446628+00:00 DEBUG 'ansible_navigator.main' Configuration rollback complete.
2023-10-14T08:47:33.446646+00:00 DEBUG 'ansible_navigator.main' Collection doc cache not mounted
2023-10-14T08:47:33.446672+00:00 WARNING 'ansible_navigator.main' Issues were found while applying the settings.
2023-10-14T08:47:33.446694+00:00 INFO 'ansible_navigator.main' Command provided: 'images'
2023-10-14T08:47:33.446717+00:00 ERROR 'ansible_navigator.main' The following errors were found in the settings file (/home/student/work/RH294v9-14Oct23/session-01/ansible-navigator.yml):
2023-10-14T08:47:33.446738+00:00 ERROR 'ansible_navigator.main' In 'ansible-navigator.playbook-artifact': False is not of type 'object'.
2023-10-14T08:47:33.446759+00:00 INFO 'ansible_navigator.main' Check the settings file and compare it to the current version.
2023-10-14T08:47:33.446780+00:00 INFO 'ansible_navigator.main' The current version can be found here: (https://ansible-navigator.readthedocs.io/en/latest/settings/#ansible-navigator-settings)
2023-10-14T08:47:33.446801+00:00 INFO 'ansible_navigator.main' The schema used for validation can be seen with 'ansible-navigator settings --schema'
2023-10-14T08:47:33.446822+00:00 INFO 'ansible_navigator.main' A sample settings file can be created with 'ansible-navigator settings --sample'
2023-10-14T08:47:33.446842+00:00 INFO 'ansible_navigator.main' Configuration failed, using default log file location. (/home/student/work/RH294v9-14Oct23/session-01/ansible-navigator.log) Log level set to debug
2023-10-14T08:47:33.446863+00:00 INFO 'ansible_navigator.main' Review the hints and log file to see what went wrong.
2023-10-14T08:48:56.712423+00:00 WARNING 'ansible_navigator.image_manager.puller._log_message' Image inspection failed, image assumed to be corrupted or missing
2023-10-14T08:48:57.080396+00:00 ERROR 'ansible_navigator.image_manager.puller._log_message' Execution environment pull failed
2023-10-14T08:54:21.941872+00:00 WARNING 'ansible_navigator.image_manager.puller._log_message' Image inspection failed, image assumed to be corrupted or missing
2023-10-14T09:22:10.783113+00:00 WARNING 'ansible_navigator.image_manager.puller._log_message' Image inspection failed, image assumed to be corrupted or missing
2023-10-14T12:30:36.774459+00:00 CRITICAL 'ansible_navigator.actions.run_69fd._handle_message' Unhandled message from runner queue, discarded: {'event': 'verbose', 'uuid': '327def80-933a-4168-ace2-7728329845f4', 'counter': 1, 'stdout': '', 'start_line': 0, 'end_line': 1, 'runner_ident': 'eccee720-8fc4-430a-a7b6-113c0c14cf99', 'created': '2023-10-14T12:30:36.774176'}
2023-10-14T12:30:36.775136+00:00 CRITICAL 'ansible_navigator.actions.run_69fd._handle_message' Unhandled message from runner queue, discarded: {'event': 'verbose', 'uuid': '96b0c694-0cf2-4087-b1e8-3964c8914419', 'counter': 2, 'stdout': 'playbook: /home/student/work/RH294v9-14Oct23/session-01/playbook-apache_deployment-multiple-nodes.yml', 'start_line': 1, 'end_line': 2, 'runner_ident': 'eccee720-8fc4-430a-a7b6-113c0c14cf99', 'created': '2023-10-14T12:30:36.774745'}
